<?xml version="1.0" encoding="UTF-8"?>
<testsuite xmlns:xsi="http://www.w3.org/2001/XMLSchema-instance" xsi:noNamespaceSchemaLocation="https://maven.apache.org/surefire/maven-surefire-plugin/xsd/surefire-test-report-3.0.xsd" version="3.0" name="hotel.security.SecurityTests" time="14.131" tests="6" errors="0" skipped="0" failures="0">
  <properties>
[...]
</properties>
  <testcase name="userTryesToAccessAdmin" classname="hotel.security.SecurityTests" time="2.837">
    <system-out><![CDATA[Hibernate: 
    alter table if exists Room 
       drop constraint if exists FK2ytua4fdw8ibyyn44ar9txtku
Hibernate: 
    alter table if exists user_roles 
       drop constraint if exists FK53v9b6vwc56nm9llvcdhs8y8f
Hibernate: 
    alter table if exists user_roles 
       drop constraint if exists FKscvbq0n9bo03s7w6ujfyrtg4a
Hibernate: 
    drop table if exists Hotel cascade
Hibernate: 
    drop table if exists role cascade
Hibernate: 
    drop table if exists Room cascade
Hibernate: 
    drop table if exists user_roles cascade
Hibernate: 
    drop table if exists users cascade
Hibernate: 
    create table Hotel (
        id serial not null,
        address varchar(255),
        name varchar(255),
        primary key (id)
    )
Hibernate: 
    create table role (
        name varchar(255) not null,
        primary key (name)
    )
Hibernate: 
    create table Room (
        hotel_id integer,
        id serial not null,
        occupied boolean not null,
        price float4 not null,
        roomNumber integer not null,
        primary key (id)
    )
Hibernate: 
    create table user_roles (
        role_name varchar(255) not null,
        user_name varchar(255) not null,
        primary key (role_name, user_name)
    )
Hibernate: 
    create table users (
        password varchar(255),
        username varchar(255) not null,
        primary key (username)
    )
Hibernate: 
    alter table if exists Room 
       add constraint FK2ytua4fdw8ibyyn44ar9txtku 
       foreign key (hotel_id) 
       references Hotel
Hibernate: 
    alter table if exists user_roles 
       add constraint FK53v9b6vwc56nm9llvcdhs8y8f 
       foreign key (role_name) 
       references role
Hibernate: 
    alter table if exists user_roles 
       add constraint FKscvbq0n9bo03s7w6ujfyrtg4a 
       foreign key (user_name) 
       references users
Hibernate: 
    /* DELETE 
    FROM
        User u */ delete 
    from
        user_roles
Hibernate: 
    /* DELETE 
    FROM
        User u */ delete 
    from
        users
Hibernate: 
    /* DELETE 
    FROM
        Role r */ delete 
    from
        user_roles
Hibernate: 
    /* DELETE 
    FROM
        Role r */ delete 
    from
        role
Hibernate: 
    /* insert for
        hotel.ressources.User */insert 
    into
        users (password,username) 
    values
        (?,?)
Hibernate: 
    /* insert for
        hotel.ressources.User */insert 
    into
        users (password,username) 
    values
        (?,?)
Hibernate: 
    /* insert for
        hotel.ressources.Role */insert 
    into
        role (name) 
    values
        (?)
Hibernate: 
    /* insert for
        hotel.ressources.Role */insert 
    into
        role (name) 
    values
        (?)
Hibernate: 
    /* insert for
        hotel.ressources.User.roles */insert 
    into
        user_roles (user_name,role_name) 
    values
        (?,?)
Hibernate: 
    /* insert for
        hotel.ressources.User.roles */insert 
    into
        user_roles (user_name,role_name) 
    values
        (?,?)
USER IN LOGIN: UserDTO(username=user, password=user, roles=null)
Hibernate: 
    select
        u1_0.username,
        u1_0.password 
    from
        users u1_0 
    where
        u1_0.username=?
Hibernate: 
    select
        r1_0.user_name,
        r1_1.name 
    from
        user_roles r1_0 
    join
        role r1_1 
            on r1_1.name=r1_0.role_name 
    where
        r1_0.user_name=?
HTTP/1.1 200 OK
Date: Mon, 06 May 2024 09:58:11 GMT
Content-Type: application/json
Content-Length: 218

{"token":"eyJhbGciOiJIUzI1NiJ9.eyJpc3MiOiJEYXZpZCBBamtlbiBIYW5zZW4iLCJzdWIiOiJ1c2VyIiwiZXhwIjoxNzE0OTkxMjkxLCJyb2xlcyI6Iix1c2VyIiwidXNlcm5hbWUiOiJ1c2VyIn0.kJ7FafrkNBGBcd1TbrTabhjnr8x69VKPcofjenXhdCo","userName":"user"}
USER IN AUTHENTICATE: UserDTO(username=user, password=null, roles=[, user])
USER IN CHECK_SEC_ROLES: UserDTO(username=user, password=null, roles=[, user])
Date: Mon, 06 May 2024 09:58:11 GMT
Content-Type: application/json
Content-Length: 51
{
    "errrorMessage": "Unauthorized with roles: [USER]"
}
]]></system-out>
    <system-err><![CDATA[maj 06, 2024 11:58:00 AM org.hibernate.Version logVersion
INFO: HHH000412: Hibernate ORM core version 6.2.4.Final
maj 06, 2024 11:58:00 AM org.hibernate.cfg.Environment <clinit>
INFO: HHH000406: Using bytecode reflection optimizer
maj 06, 2024 11:58:00 AM org.hibernate.engine.jdbc.connections.internal.DriverManagerConnectionProviderImpl configure
WARN: HHH10001002: Using built-in connection pool (not intended for production use)
maj 06, 2024 11:58:00 AM org.hibernate.engine.jdbc.connections.internal.DriverManagerConnectionProviderImpl buildCreator
INFO: HHH10001005: Loaded JDBC driver class: org.testcontainers.jdbc.ContainerDatabaseDriver
maj 06, 2024 11:58:00 AM org.hibernate.engine.jdbc.connections.internal.DriverManagerConnectionProviderImpl buildCreator
INFO: HHH10001012: Connecting with JDBC URL [jdbc:tc:postgresql:15.3-alpine3.18:///test_db]
maj 06, 2024 11:58:00 AM org.hibernate.engine.jdbc.connections.internal.DriverManagerConnectionProviderImpl buildCreator
INFO: HHH10001001: Connection properties: {password=****, user=postgres}
maj 06, 2024 11:58:00 AM org.hibernate.engine.jdbc.connections.internal.DriverManagerConnectionProviderImpl buildCreator
INFO: HHH10001003: Autocommit mode: false
maj 06, 2024 11:58:00 AM org.hibernate.engine.jdbc.connections.internal.DriverManagerConnectionProviderImpl$PooledConnections <init>
INFO: HHH10001115: Connection pool size: 20 (min=1)
[main] INFO org.testcontainers.images.PullPolicy - Image pull policy will be performed by: DefaultPullPolicy()
[main] INFO org.testcontainers.utility.ImageNameSubstitutor - Image name substitution will be performed by: DefaultImageNameSubstitutor (composite of 'ConfigurationFileImageNameSubstitutor' and 'PrefixingImageNameSubstitutor')
[main] INFO org.testcontainers.dockerclient.DockerClientProviderStrategy - Loaded org.testcontainers.dockerclient.NpipeSocketClientProviderStrategy from ~/.testcontainers.properties, will try it first
[main] INFO org.testcontainers.dockerclient.DockerClientProviderStrategy - Found Docker environment with local Npipe socket (npipe:////./pipe/docker_engine)
[main] INFO org.testcontainers.DockerClientFactory - Docker host IP address is localhost
[main] INFO org.testcontainers.DockerClientFactory - Connected to docker: 
  Server Version: 24.0.5
  API Version: 1.43
  Operating System: Docker Desktop
  Total Memory: 7860 MB
[main] INFO tc.testcontainers/ryuk:0.6.0 - Creating container for image: testcontainers/ryuk:0.6.0
[main] INFO org.testcontainers.utility.RegistryAuthLocator - Credential helper/store (docker-credential-desktop) does not have credentials for https://index.docker.io/v1/
[main] INFO tc.testcontainers/ryuk:0.6.0 - Container testcontainers/ryuk:0.6.0 is starting: bd6e96269f4e89a7d624bcf44d5f630f306317d861cc47293fa25d49d736a120
[main] INFO tc.testcontainers/ryuk:0.6.0 - Container testcontainers/ryuk:0.6.0 started in PT1.3622761S
[main] INFO org.testcontainers.utility.RyukResourceReaper - Ryuk started - will monitor and terminate Testcontainers containers on JVM exit
[main] INFO org.testcontainers.DockerClientFactory - Checking the system...
[main] INFO org.testcontainers.DockerClientFactory - ✔︎ Docker server version should be at least 1.6.0
[main] INFO tc.postgres:15.3-alpine3.18 - Creating container for image: postgres:15.3-alpine3.18
[main] INFO tc.postgres:15.3-alpine3.18 - Container postgres:15.3-alpine3.18 is starting: e5af208295a339492650f810c9a0ea33cc88a5ef006d9dad0ecfbce14f334f51
[main] INFO tc.postgres:15.3-alpine3.18 - Container postgres:15.3-alpine3.18 started in PT3.4084005S
[main] INFO tc.postgres:15.3-alpine3.18 - Container is started (JDBC URL: jdbc:postgresql://localhost:55463/test?loggerLevel=OFF)
maj 06, 2024 11:58:07 AM org.hibernate.bytecode.internal.BytecodeProviderInitiator buildBytecodeProvider
INFO: HHH000021: Bytecode provider name : bytebuddy
maj 06, 2024 11:58:09 AM org.hibernate.resource.transaction.backend.jdbc.internal.DdlTransactionIsolatorNonJtaImpl getIsolatedConnection
INFO: HHH10001501: Connection obtained from JdbcConnectionAccess [org.hibernate.engine.jdbc.env.internal.JdbcEnvironmentInitiator$ConnectionProviderJdbcConnectionAccess@6d7e2795] for (non-JTA) DDL execution was not in auto-commit mode; the Connection 'local transaction' will be committed and the Connection will be set into auto-commit mode.
maj 06, 2024 11:58:09 AM org.hibernate.engine.jdbc.spi.SqlExceptionHelper$StandardWarningHandler logWarning
WARN: SQL Warning Code: 0, SQLState: 00000
maj 06, 2024 11:58:09 AM org.hibernate.engine.jdbc.spi.SqlExceptionHelper$StandardWarningHandler logWarning
WARN: relation "room" does not exist, skipping
maj 06, 2024 11:58:09 AM org.hibernate.engine.jdbc.spi.SqlExceptionHelper$StandardWarningHandler logWarning
WARN: SQL Warning Code: 0, SQLState: 00000
maj 06, 2024 11:58:09 AM org.hibernate.engine.jdbc.spi.SqlExceptionHelper$StandardWarningHandler logWarning
WARN: relation "user_roles" does not exist, skipping
maj 06, 2024 11:58:09 AM org.hibernate.engine.jdbc.spi.SqlExceptionHelper$StandardWarningHandler logWarning
WARN: SQL Warning Code: 0, SQLState: 00000
maj 06, 2024 11:58:09 AM org.hibernate.engine.jdbc.spi.SqlExceptionHelper$StandardWarningHandler logWarning
WARN: relation "user_roles" does not exist, skipping
maj 06, 2024 11:58:09 AM org.hibernate.engine.jdbc.spi.SqlExceptionHelper$StandardWarningHandler logWarning
WARN: SQL Warning Code: 0, SQLState: 00000
maj 06, 2024 11:58:09 AM org.hibernate.engine.jdbc.spi.SqlExceptionHelper$StandardWarningHandler logWarning
WARN: table "hotel" does not exist, skipping
maj 06, 2024 11:58:09 AM org.hibernate.engine.jdbc.spi.SqlExceptionHelper$StandardWarningHandler logWarning
WARN: SQL Warning Code: 0, SQLState: 00000
maj 06, 2024 11:58:09 AM org.hibernate.engine.jdbc.spi.SqlExceptionHelper$StandardWarningHandler logWarning
WARN: table "role" does not exist, skipping
maj 06, 2024 11:58:09 AM org.hibernate.engine.jdbc.spi.SqlExceptionHelper$StandardWarningHandler logWarning
WARN: SQL Warning Code: 0, SQLState: 00000
maj 06, 2024 11:58:09 AM org.hibernate.engine.jdbc.spi.SqlExceptionHelper$StandardWarningHandler logWarning
WARN: table "room" does not exist, skipping
maj 06, 2024 11:58:09 AM org.hibernate.engine.jdbc.spi.SqlExceptionHelper$StandardWarningHandler logWarning
WARN: SQL Warning Code: 0, SQLState: 00000
maj 06, 2024 11:58:09 AM org.hibernate.engine.jdbc.spi.SqlExceptionHelper$StandardWarningHandler logWarning
WARN: table "user_roles" does not exist, skipping
maj 06, 2024 11:58:09 AM org.hibernate.engine.jdbc.spi.SqlExceptionHelper$StandardWarningHandler logWarning
WARN: SQL Warning Code: 0, SQLState: 00000
maj 06, 2024 11:58:09 AM org.hibernate.engine.jdbc.spi.SqlExceptionHelper$StandardWarningHandler logWarning
WARN: table "users" does not exist, skipping
maj 06, 2024 11:58:09 AM org.hibernate.resource.transaction.backend.jdbc.internal.DdlTransactionIsolatorNonJtaImpl getIsolatedConnection
INFO: HHH10001501: Connection obtained from JdbcConnectionAccess [org.hibernate.engine.jdbc.env.internal.JdbcEnvironmentInitiator$ConnectionProviderJdbcConnectionAccess@7404aff2] for (non-JTA) DDL execution was not in auto-commit mode; the Connection 'local transaction' will be committed and the Connection will be set into auto-commit mode.
[main] INFO io.javalin.Javalin - Starting Javalin ...
[main] INFO org.eclipse.jetty.server.Server - jetty-11.0.15; built: 2023-04-11T18:37:53.775Z; git: 5bc5e562c8d05c5862505aebe5cf83a61bdbcb96; jvm 19.0.2+7-44
[main] INFO org.eclipse.jetty.server.session.DefaultSessionIdManager - Session workerName=node0
[main] INFO org.eclipse.jetty.server.handler.ContextHandler - Started i.j.j.@281ca256{/api,null,AVAILABLE}
[main] INFO org.eclipse.jetty.server.AbstractConnector - Started ServerConnector@21bf308{HTTP/1.1, (http/1.1)}{0.0.0.0:7777}
[main] INFO org.eclipse.jetty.server.Server - Started Server@5e3cb58e{STARTING}[11.0.15,sto=0] @10686ms
[main] INFO io.javalin.Javalin - 
       __                  ___          ______
      / /___ __   ______ _/ (_)___     / ____/
 __  / / __ `/ | / / __ `/ / / __ \   /___ \
/ /_/ / /_/ /| |/ / /_/ / / / / / /  ____/ /
\____/\__,_/ |___/\__,_/_/_/_/ /_/  /_____/

       https://javalin.io/documentation

[main] INFO io.javalin.Javalin - Listening on http://localhost:7777/api
[main] INFO io.javalin.Javalin - You are running Javalin 5.5.0 (released May 1, 2023. Your Javalin version is 370 days old. Consider checking for a newer version.).
[main] INFO io.javalin.Javalin - Javalin started in 220ms \o/
]]></system-err>
  </testcase>
  <testcase name="login" classname="hotel.security.SecurityTests" time="0.373">
    <system-out><![CDATA[Hibernate: 
    /* DELETE 
    FROM
        User u */ delete 
    from
        user_roles
Hibernate: 
    /* DELETE 
    FROM
        User u */ delete 
    from
        users
Hibernate: 
    /* DELETE 
    FROM
        Role r */ delete 
    from
        user_roles
Hibernate: 
    /* DELETE 
    FROM
        Role r */ delete 
    from
        role
Hibernate: 
    /* insert for
        hotel.ressources.User */insert 
    into
        users (password,username) 
    values
        (?,?)
Hibernate: 
    /* insert for
        hotel.ressources.User */insert 
    into
        users (password,username) 
    values
        (?,?)
Hibernate: 
    /* insert for
        hotel.ressources.Role */insert 
    into
        role (name) 
    values
        (?)
Hibernate: 
    /* insert for
        hotel.ressources.Role */insert 
    into
        role (name) 
    values
        (?)
Hibernate: 
    /* insert for
        hotel.ressources.User.roles */insert 
    into
        user_roles (user_name,role_name) 
    values
        (?,?)
Hibernate: 
    /* insert for
        hotel.ressources.User.roles */insert 
    into
        user_roles (user_name,role_name) 
    values
        (?,?)
USER IN LOGIN: UserDTO(username=user, password=user, roles=null)
Hibernate: 
    select
        u1_0.username,
        u1_0.password 
    from
        users u1_0 
    where
        u1_0.username=?
Hibernate: 
    select
        r1_0.user_name,
        r1_1.name 
    from
        user_roles r1_0 
    join
        role r1_1 
            on r1_1.name=r1_0.role_name 
    where
        r1_0.user_name=?
{
    "token": "eyJhbGciOiJIUzI1NiJ9.eyJpc3MiOiJEYXZpZCBBamtlbiBIYW5zZW4iLCJzdWIiOiJ1c2VyIiwiZXhwIjoxNzE0OTkxMjkyLCJyb2xlcyI6Iix1c2VyIiwidXNlcm5hbWUiOiJ1c2VyIn0.UK_CTRbD4ec3Rbqv3zA4ISfVWQfRtzEK7qrzvEZFeQk",
    "userName": "user"
}
]]></system-out>
  </testcase>
  <testcase name="protectedAdmin" classname="hotel.security.SecurityTests" time="0.243">
    <system-out><![CDATA[Hibernate: 
    /* DELETE 
    FROM
        User u */ delete 
    from
        user_roles
Hibernate: 
    /* DELETE 
    FROM
        User u */ delete 
    from
        users
Hibernate: 
    /* DELETE 
    FROM
        Role r */ delete 
    from
        user_roles
Hibernate: 
    /* DELETE 
    FROM
        Role r */ delete 
    from
        role
Hibernate: 
    /* insert for
        hotel.ressources.User */insert 
    into
        users (password,username) 
    values
        (?,?)
Hibernate: 
    /* insert for
        hotel.ressources.User */insert 
    into
        users (password,username) 
    values
        (?,?)
Hibernate: 
    /* insert for
        hotel.ressources.Role */insert 
    into
        role (name) 
    values
        (?)
Hibernate: 
    /* insert for
        hotel.ressources.Role */insert 
    into
        role (name) 
    values
        (?)
Hibernate: 
    /* insert for
        hotel.ressources.User.roles */insert 
    into
        user_roles (user_name,role_name) 
    values
        (?,?)
Hibernate: 
    /* insert for
        hotel.ressources.User.roles */insert 
    into
        user_roles (user_name,role_name) 
    values
        (?,?)
USER IN LOGIN: UserDTO(username=admin, password=admin, roles=null)
Hibernate: 
    select
        u1_0.username,
        u1_0.password 
    from
        users u1_0 
    where
        u1_0.username=?
Hibernate: 
    select
        r1_0.user_name,
        r1_1.name 
    from
        user_roles r1_0 
    join
        role r1_1 
            on r1_1.name=r1_0.role_name 
    where
        r1_0.user_name=?
USER IN AUTHENTICATE: UserDTO(username=admin, password=null, roles=[, admin])
USER IN CHECK_SEC_ROLES: UserDTO(username=admin, password=null, roles=[, admin])
{
    "msg": "Hello from ADMIN Protected"
}
]]></system-out>
  </testcase>
  <testcase name="createUser" classname="hotel.security.SecurityTests" time="0.263">
    <system-out><![CDATA[Hibernate: 
    /* DELETE 
    FROM
        User u */ delete 
    from
        user_roles
Hibernate: 
    /* DELETE 
    FROM
        User u */ delete 
    from
        users
Hibernate: 
    /* DELETE 
    FROM
        Role r */ delete 
    from
        user_roles
Hibernate: 
    /* DELETE 
    FROM
        Role r */ delete 
    from
        role
Hibernate: 
    /* insert for
        hotel.ressources.User */insert 
    into
        users (password,username) 
    values
        (?,?)
Hibernate: 
    /* insert for
        hotel.ressources.User */insert 
    into
        users (password,username) 
    values
        (?,?)
Hibernate: 
    /* insert for
        hotel.ressources.Role */insert 
    into
        role (name) 
    values
        (?)
Hibernate: 
    /* insert for
        hotel.ressources.Role */insert 
    into
        role (name) 
    values
        (?)
Hibernate: 
    /* insert for
        hotel.ressources.User.roles */insert 
    into
        user_roles (user_name,role_name) 
    values
        (?,?)
Hibernate: 
    /* insert for
        hotel.ressources.User.roles */insert 
    into
        user_roles (user_name,role_name) 
    values
        (?,?)
Hibernate: 
    select
        r1_0.name 
    from
        role r1_0 
    where
        r1_0.name=?
Hibernate: 
    select
        u1_0.role_name,
        u1_1.username,
        u1_1.password 
    from
        user_roles u1_0 
    join
        users u1_1 
            on u1_1.username=u1_0.user_name 
    where
        u1_0.role_name=?
Hibernate: 
    /* insert for
        hotel.ressources.User */insert 
    into
        users (password,username) 
    values
        (?,?)
Hibernate: 
    /* insert for
        hotel.ressources.User.roles */insert 
    into
        user_roles (user_name,role_name) 
    values
        (?,?)
HTTP/1.1 201 Created
Date: Mon, 06 May 2024 09:58:13 GMT
Content-Type: application/json
Content-Length: 222

{"token":"eyJhbGciOiJIUzI1NiJ9.eyJpc3MiOiJEYXZpZCBBamtlbiBIYW5zZW4iLCJzdWIiOiJ0ZXN0MSIsImV4cCI6MTcxNDk5MTI5Mywicm9sZXMiOiIsdXNlciIsInVzZXJuYW1lIjoidGVzdDEifQ.usE8UpP_oAAvER-x-AsG_TkqtLhQPUbIUsYkbsntzQ0","userName":"test1"}
]]></system-out>
  </testcase>
  <testcase name="defTest" classname="hotel.security.SecurityTests" time="0.172">
    <system-out><![CDATA[Hibernate: 
    /* DELETE 
    FROM
        User u */ delete 
    from
        user_roles
Hibernate: 
    /* DELETE 
    FROM
        User u */ delete 
    from
        users
Hibernate: 
    /* DELETE 
    FROM
        Role r */ delete 
    from
        user_roles
Hibernate: 
    /* DELETE 
    FROM
        Role r */ delete 
    from
        role
Hibernate: 
    /* insert for
        hotel.ressources.User */insert 
    into
        users (password,username) 
    values
        (?,?)
Hibernate: 
    /* insert for
        hotel.ressources.User */insert 
    into
        users (password,username) 
    values
        (?,?)
Hibernate: 
    /* insert for
        hotel.ressources.Role */insert 
    into
        role (name) 
    values
        (?)
Hibernate: 
    /* insert for
        hotel.ressources.Role */insert 
    into
        role (name) 
    values
        (?)
Hibernate: 
    /* insert for
        hotel.ressources.User.roles */insert 
    into
        user_roles (user_name,role_name) 
    values
        (?,?)
Hibernate: 
    /* insert for
        hotel.ressources.User.roles */insert 
    into
        user_roles (user_name,role_name) 
    values
        (?,?)
HTTP/1.1 200 OK
Date: Mon, 06 May 2024 09:58:13 GMT
Content-Type: application/json
Content-Length: 13

"Hello World"
]]></system-out>
  </testcase>
  <testcase name="protectedUser" classname="hotel.security.SecurityTests" time="0.279">
    <system-out><![CDATA[Hibernate: 
    /* DELETE 
    FROM
        User u */ delete 
    from
        user_roles
Hibernate: 
    /* DELETE 
    FROM
        User u */ delete 
    from
        users
Hibernate: 
    /* DELETE 
    FROM
        Role r */ delete 
    from
        user_roles
Hibernate: 
    /* DELETE 
    FROM
        Role r */ delete 
    from
        role
Hibernate: 
    /* insert for
        hotel.ressources.User */insert 
    into
        users (password,username) 
    values
        (?,?)
Hibernate: 
    /* insert for
        hotel.ressources.User */insert 
    into
        users (password,username) 
    values
        (?,?)
Hibernate: 
    /* insert for
        hotel.ressources.Role */insert 
    into
        role (name) 
    values
        (?)
Hibernate: 
    /* insert for
        hotel.ressources.Role */insert 
    into
        role (name) 
    values
        (?)
Hibernate: 
    /* insert for
        hotel.ressources.User.roles */insert 
    into
        user_roles (user_name,role_name) 
    values
        (?,?)
Hibernate: 
    /* insert for
        hotel.ressources.User.roles */insert 
    into
        user_roles (user_name,role_name) 
    values
        (?,?)
USER IN LOGIN: UserDTO(username=user, password=user, roles=null)
Hibernate: 
    select
        u1_0.username,
        u1_0.password 
    from
        users u1_0 
    where
        u1_0.username=?
Hibernate: 
    select
        r1_0.user_name,
        r1_1.name 
    from
        user_roles r1_0 
    join
        role r1_1 
            on r1_1.name=r1_0.role_name 
    where
        r1_0.user_name=?
USER IN AUTHENTICATE: UserDTO(username=user, password=null, roles=[, user])
USER IN CHECK_SEC_ROLES: UserDTO(username=user, password=null, roles=[, user])
{
    "msg": "Hello from USER Protected"
}
]]></system-out>
  </testcase>
</testsuite>